*** Using Compiler 'V5.06 update 6 (build 750)', folder: 'D:\Keil MDK\ARM\ARMCC\Bin'
Build target 'littleVGL'
compiling lv_disp.c...
compiling lv_group.c...
compiling lv_indev.c...
compiling lv_port_indev.c...
compiling lv_port_disp.c...
compiling lv_obj.c...
compiling lv_style.c...
compiling lv_refr.c...
compiling lv_draw.c...
compiling lv_draw_arc.c...
compiling lv_draw_basic.c...
compiling lv_draw_img.c...
compiling lv_draw_label.c...
compiling lv_draw_line.c...
compiling lv_draw_triangle.c...
compiling lv_img_cache.c...
compiling lv_draw_rect.c...
compiling lv_img_decoder.c...
compiling lv_font.c...
compiling lv_font_fmt_txt.c...
compiling lv_font_roboto_12.c...
compiling lv_font_roboto_16.c...
compiling lv_font_roboto_22.c...
compiling lv_hal_disp.c...
compiling lv_font_roboto_28.c...
compiling lv_font_unscii_8.c...
compiling lv_hal_indev.c...
compiling lv_hal_tick.c...
compiling lv_anim.c...
compiling lv_area.c...
compiling lv_async.c...
compiling lv_circ.c...
compiling lv_color.c...
compiling lv_fs.c...
compiling lv_gc.c...
compiling lv_log.c...
compiling lv_ll.c...
compiling lv_math.c...
compiling lv_mem.c...
compiling lv_task.c...
compiling lv_templ.c...
compiling lv_txt.c...
compiling lv_utils.c...
compiling lv_arc.c...
compiling lv_bar.c...
compiling lv_btn.c...
compiling lv_btnm.c...
compiling lv_calendar.c...
compiling lv_canvas.c...
compiling lv_cb.c...
compiling lv_chart.c...
compiling lv_cont.c...
compiling lv_ddlist.c...
compiling lv_gauge.c...
compiling lv_img.c...
compiling lv_imgbtn.c...
compiling lv_kb.c...
compiling lv_label.c...
compiling lv_led.c...
compiling lv_line.c...
compiling lv_lmeter.c...
compiling lv_list.c...
compiling lv_objx_templ.c...
compiling lv_mbox.c...
compiling lv_preload.c...
compiling lv_page.c...
compiling lv_roller.c...
compiling lv_spinbox.c...
compiling lv_slider.c...
compiling lv_sw.c...
compiling lv_table.c...
compiling lv_ta.c...
compiling lv_tabview.c...
compiling lv_tileview.c...
compiling lv_win.c...
compiling lv_theme.c...
compiling lv_theme_alien.c...
compiling lv_theme_default.c...
compiling lv_theme_material.c...
compiling lv_theme_mono.c...
compiling lv_theme_nemo.c...
compiling lv_theme_templ.c...
compiling lv_theme_night.c...
compiling lv_theme_zen.c...
compiling lv_test_theme_1.c...
compiling lv_test_theme_2.c...
compiling demo.c...
assembling startup_stm32f40_41xxx.s...
compiling img_bubble_pattern.c...
compiling task.c...
compiling system_stm32f4xx.c...
compiling misc.c...
compiling stm32f4xx_adc.c...
compiling stm32f4xx_can.c...
compiling stm32f4xx_cec.c...
compiling stm32f4xx_crc.c...
compiling stm32f4xx_cryp.c...
compiling stm32f4xx_cryp_aes.c...
compiling stm32f4xx_cryp_des.c...
compiling stm32f4xx_cryp_tdes.c...
compiling stm32f4xx_dac.c...
compiling stm32f4xx_dbgmcu.c...
compiling stm32f4xx_dcmi.c...
compiling stm32f4xx_dfsdm.c...
compiling stm32f4xx_dma.c...
compiling stm32f4xx_dma2d.c...
compiling stm32f4xx_dsi.c...
compiling stm32f4xx_exti.c...
compiling stm32f4xx_flash.c...
compiling stm32f4xx_flash_ramfunc.c...
compiling stm32f4xx_fmpi2c.c...
compiling stm32f4xx_fsmc.c...
compiling stm32f4xx_gpio.c...
compiling stm32f4xx_hash.c...
compiling stm32f4xx_hash_md5.c...
compiling stm32f4xx_hash_sha1.c...
compiling stm32f4xx_i2c.c...
compiling stm32f4xx_iwdg.c...
compiling stm32f4xx_lptim.c...
compiling stm32f4xx_ltdc.c...
compiling stm32f4xx_pwr.c...
compiling stm32f4xx_qspi.c...
compiling stm32f4xx_rcc.c...
compiling stm32f4xx_rng.c...
compiling stm32f4xx_rtc.c...
compiling stm32f4xx_sai.c...
compiling stm32f4xx_sdio.c...
compiling stm32f4xx_spdifrx.c...
compiling stm32f4xx_syscfg.c...
compiling stm32f4xx_spi.c...
compiling stm32f4xx_usart.c...
compiling 24cxx.c...
compiling stm32f4xx_tim.c...
compiling beep.c...
compiling adc.c...
compiling ctiic.c...
compiling delay.c...
compiling dma.c...
compiling ft5206.c...
compiling gt9147.c...
compiling key.c...
compiling lcd.c...
compiling led.c...
compiling myiic.c...
compiling main.c...
compiling ott2001a.c...
compiling rtc.c...
compiling sram.c...
compiling timer.c...
compiling tpad.c...
compiling touch.c...
compiling usart.c...
linking...
Program Size: Code=72412 RO-data=18636 RW-data=356 ZI-data=794308  
FromELF: creating hex file...
".\Objects\littleVGL.axf" - 0 Error(s), 0 Warning(s).
Build Time Elapsed:  00:00:39
